<?xml version="1.0" encoding="UTF-8"?>
<!-- Generated by org.testng.reporters.JUnitReportReporter -->
<testsuite hostname="IP-AC1F5480" name="example.NewTest" tests="1" failures="0" timestamp="27 Dec 2017 11:52:27 GMT" time="27.888" errors="0">
  <testcase name="testgooglrsearch" time="27.888" classname="example.NewTest"/>
</testsuite> <!-- example.NewTest -->
